Step Allowance: 15
Quotas: 2 1 0
Quota multiplier 1.100000
Coal points: [5,4] 
Fish points: [5,2] 
Metal points: 
Map size: 7 x 10
0    0    0    0    0    0    0    0    0    0    
0    0    0    0    0    0    0    0    0    0    
0    0    0    0    0    0    0    0    0    0    
0    0    0    0    0    0    0    0    0    0    
0    0    0    0    0    0    0    0    0    0    
0    0    400  0    200  0    0    0    0    0    
0    0    0    0    0    0    0    0    0    0    
S  I  TS S  S  TS S  I  I  S  
I  I  I  S  S  S  I  I  TS M  
S  I  I  S  M  M  S  I  I  S  
M  TS I  S  M  M  S  I  I  I  
S  TS I  S  M  TS S  S  S  S  
M  M  I  I  S  TS S  S  M  M  
S  S  S  S  TS M  S  I  I  S  
SOLUTION
[0, 0] [1, 0] [2, 0] [2, 1] [2, 2] [2, 3] [3, 3] [4, 3] [5, 3] [5, 2] [1, 0] [2, 0] [2, 1] [2, 2] [2, 3] [3, 3] [4, 3] [5, 3] [5, 4] [6, 4] [6, 5] [6, 6] [6, 7] [6, 8] [6, 9] 
*  _  _  _  _  _  _  _  _  _  
*  _  _  _  _  _  _  _  _  _  
*  *  *  *  _  _  _  _  _  _  
_  _  _  *  _  _  _  _  _  _  
_  _  _  *  _  _  _  _  _  _  
_  _  *  *  *  _  _  _  _  _  
_  _  _  _  *  *  *  *  *  *  

Score = 567 - Penalties = 1314
