Step Allowance: 30
Quotas: 3 7 1
Quota multiplier 1.400000
Coal points: [9,8] [4,13] [10,7] 
Fish points: [8,9] [11,4] [4,14] [3,15] [3,17] 
Metal points: [2,13] [11,8] 
Map size: 12 x 20
0    0    0    0    0    0    0    0    0    0    0    0    0    0    0    0    0    0    0    0    
0    0    0    0    0    0    0    0    0    0    0    0    0    0    0    0    0    0    0    0    
0    0    0    0    0    0    0    0    0    0    0    0    0    1000 0    0    0    0    0    0    
0    0    0    0    0    0    0    0    0    0    0    0    0    0    0    400  0    400  0    0    
0    0    0    0    0    0    0    0    0    0    0    0    0    200  400  0    0    0    0    0    
0    0    0    0    0    0    0    0    0    0    0    0    0    0    0    0    0    0    0    0    
0    0    0    0    0    0    0    0    0    0    0    0    0    0    0    0    0    0    0    0    
0    0    0    0    0    0    0    0    0    0    0    0    0    0    0    0    0    0    0    0    
0    0    0    0    0    0    0    0    0    400  0    0    0    0    0    0    0    0    0    0    
0    0    0    0    0    0    0    0    200  0    0    0    0    0    0    0    0    0    0    0    
0    0    0    0    0    0    0    200  0    0    0    0    0    0    0    0    0    0    0    0    
0    0    0    0    400  0    0    0    1000 0    0    0    0    0    0    0    0    0    0    0    
SOLUTION
[0, 0] [1, 0] [2, 0] [2, 1] [3, 1] [4, 1] [4, 0] [5, 0] [6, 0] [7, 0] [7, 1] [7, 2] [6, 2] [6, 3] [6, 4] [6, 5] [6, 6] [7, 6] [8, 6] [9, 6] [10, 6] [10, 7] [11, 7] [11, 8] [11, 9] [11, 10] [11, 11] [11, 12] [11, 13] [11, 14] [11, 15] [10, 15] [10, 16] [10, 17] [10, 18] [10, 19] [11, 19] 
Score = 3393 - Penalties = 551
