Step Allowance: 45
Quotas: 5 10 4
Quota multiplier 2.000000
Coal points: [12,14] [10,12] [0,19] [2,21] [9,9] [5,20] [13,8] [3,20] 
Fish points: [1,20] [0,18] [12,8] [14,11] [6,16] [5,18] [11,18] [2,20] [4,17] 
Metal points: [1,16] [11,15] [13,4] 
Map size: 15 x 30
0    0    0    0    0    0    0    0    0    0    0    0    0    0    0    0    0    0    400  200  0    0    0    0    0    0    0    0    0    0    
0    0    0    0    0    0    0    0    0    0    0    0    0    0    0    0    1000 0    0    0    400  0    0    0    0    0    0    0    0    0    
0    0    0    0    0    0    0    0    0    0    0    0    0    0    0    0    0    0    0    0    400  200  0    0    0    0    0    0    0    0    
0    0    0    0    0    0    0    0    0    0    0    0    0    0    0    0    0    0    0    0    200  0    0    0    0    0    0    0    0    0    
0    0    0    0    0    0    0    0    0    0    0    0    0    0    0    0    0    400  0    0    0    0    0    0    0    0    0    0    0    0    
0    0    0    0    0    0    0    0    0    0    0    0    0    0    0    0    0    0    400  0    200  0    0    0    0    0    0    0    0    0    
0    0    0    0    0    0    0    0    0    0    0    0    0    0    0    0    400  0    0    0    0    0    0    0    0    0    0    0    0    0    
0    0    0    0    0    0    0    0    0    0    0    0    0    0    0    0    0    0    0    0    0    0    0    0    0    0    0    0    0    0    
0    0    0    0    0    0    0    0    0    0    0    0    0    0    0    0    0    0    0    0    0    0    0    0    0    0    0    0    0    0    
0    0    0    0    0    0    0    0    0    200  0    0    0    0    0    0    0    0    0    0    0    0    0    0    0    0    0    0    0    0    
0    0    0    0    0    0    0    0    0    0    0    0    200  0    0    0    0    0    0    0    0    0    0    0    0    0    0    0    0    0    
0    0    0    0    0    0    0    0    0    0    0    0    0    0    0    1000 0    0    400  0    0    0    0    0    0    0    0    0    0    0    
0    0    0    0    0    0    0    0    400  0    0    0    0    0    200  0    0    0    0    0    0    0    0    0    0    0    0    0    0    0    
0    0    0    0    1000 0    0    0    200  0    0    0    0    0    0    0    0    0    0    0    0    0    0    0    0    0    0    0    0    0    
0    0    0    0    0    0    0    0    0    0    0    400  0    0    0    0    0    0    0    0    0    0    0    0    0    0    0    0    0    0    
SOLUTION
[0, 0] [1, 0] [1, 1] [1, 2] [1, 3] [1, 4] [1, 5] [0, 5] [0, 6] [0, 7] [0, 8] [0, 9] [0, 10] [1, 10] [1, 11] [1, 12] [2, 12] [2, 13] [3, 13] [4, 13] [4, 12] [5, 12] [5, 11] [5, 10] [5, 9] [5, 8] [5, 7] [5, 6] [5, 5] [5, 4] [5, 3] [5, 2] [5, 1] [5, 0] [6, 0] [7, 0] [7, 1] [7, 2] [7, 3] [7, 4] [7, 5] [7, 6] [7, 7] [7, 8] [7, 9] [8, 9] [9, 9] [10, 9] [11, 9] [12, 9] [12, 8] [13, 8] [14, 8] [14, 9] [14, 10] [14, 11] [14, 12] [14, 13] [13, 13] [13, 14] [12, 14] [12, 15] [11, 15] [11, 16] [11, 17] [11, 18] [10, 18] [9, 18] [8, 18] [7, 18] [6, 18] [5, 18] [4, 18] [4, 17] [3, 17] [2, 17] [2, 18] [2, 19] [2, 20] [1, 20] [1, 21] [0, 21] [0, 22] [0, 23] [0, 24] [1, 24] [2, 24] [3, 24] [4, 24] [5, 24] [6, 24] [7, 24] [8, 24] [9, 24] [9, 25] [10, 25] [11, 25] [11, 26] [12, 26] [12, 27] [12, 28] [12, 29] [13, 29] [14, 29] 
Score = 5434 - Penalties = 4773
